Unable to capture context for thread 17084 in process 2728, can not generate back trace
Unable to capture context for thread 5844 in process 2728, can not generate back trace
Exception at PC 0x00007FFC589DBB93
Printing stacktrace...

[0]  [0x00007FFC589DBB93]
[1]  [0x00007FFC589DBB93]
[2]  [0x00007FFC589DB4A1]
[3]  [0x00007FFC589DB3EF]
[4]  [0x00007FFC589C19FE]
[5]  [0x00007FFC589C0ED1]
[6]  [0x00007FFC589C0D76]
[7]  [0x00007FFC589679F6]
[8]  [0x00007FFC58957AFB]
[9]  [0x00007FFC58A7E90A]
[10]  [0x00007FFC58A99F87]
[11]  [0x00007FFC58A9A05F]
[12] (BaseThreadInitThunk+0x14) [0x00007FFCE5AD4034]
[13] (RtlUserThreadStart+0x21) [0x00007FFCE6043691]
Done
Exception at PC 0x00007FFC586E1A52
Attemped to write at address 0x00007FFC95C2ABA4
Printing stacktrace...

[0]  [0x00007FFC586E1A52]
[1]  [0x00007FFC586E1A52]
[2]  [0x00007FFC586E1AD4]
[3]  [0x00007FFC58823FF7]
[4]  [0x00007FFC58709128]
[5]  [0x00007FFC589BDFB9]
[6]  [0x00007FFC58B8EF23]
[7]  [0x00007FFC58A9B06B]
[8]  [0x00007FFC58A908AF]
[9]  [0x00007FFC58A90A32]
[10] (RtlActivateActivationContextUnsafeFast+0x123) [0x00007FFCE600B583]
[11] (LdrShutdownProcess+0x125) [0x00007FFCE6017F85]
[12] (RtlExitUserProcess+0xd8) [0x00007FFCE6017E48]
[13] (FatalExit+0xa) [0x00007FFCE5ADCA7A]
[14] (exit+0x75) [0x00007FFCE3E09CE5]
[15] (initterm_e+0x235) [0x00007FFCE3E0A345]
[16]  [0x00000000004014CD]
[17]  [0x000000000040151B]
[18] (BaseThreadInitThunk+0x14) [0x00007FFCE5AD4034]
[19] (RtlUserThreadStart+0x21) [0x00007FFCE6043691]
Done
