Vivado Simulator 2017.2
Copyright 1986-1999, 2001-2016 Xilinx, Inc. All Rights Reserved.
Running: E:/Vivado/Vivado/2017.2/bin/unwrapped/win64.o/xelab.exe -wto 89c281390c8e428e89aa422c2ac52208 --debug typical --relax --mt 2 -L xil_defaultlib -L unisims_ver -L unimacro_ver -L secureip --snapshot TB_4_behav xil_defaultlib.TB_4 xil_defaultlib.glbl -log elaborate.log 
Using 2 slave threads.
Starting static elaboration
WARNING: [VRFC 10-278] actual bit length 32 differs from formal bit length 1 for port I1 [E:/JI Files/VE270_Vivado/HW5_4/HW5_4.srcs/sources_1/new/HW5_4.v:25]
WARNING: [VRFC 10-278] actual bit length 32 differs from formal bit length 1 for port I1 [E:/JI Files/VE270_Vivado/HW5_4/HW5_4.srcs/sources_1/new/HW5_4.v:26]
WARNING: [VRFC 10-278] actual bit length 32 differs from formal bit length 1 for port I1 [E:/JI Files/VE270_Vivado/HW5_4/HW5_4.srcs/sources_1/new/HW5_4.v:27]
WARNING: [VRFC 10-278] actual bit length 32 differs from formal bit length 1 for port I1 [E:/JI Files/VE270_Vivado/HW5_4/HW5_4.srcs/sources_1/new/HW5_4.v:28]
WARNING: [VRFC 10-278] actual bit length 32 differs from formal bit length 1 for port I1 [E:/JI Files/VE270_Vivado/HW5_4/HW5_4.srcs/sources_1/new/HW5_4.v:30]
WARNING: [VRFC 10-278] actual bit length 32 differs from formal bit length 1 for port I1 [E:/JI Files/VE270_Vivado/HW5_4/HW5_4.srcs/sources_1/new/HW5_4.v:31]
WARNING: [VRFC 10-278] actual bit length 32 differs from formal bit length 1 for port I1 [E:/JI Files/VE270_Vivado/HW5_4/HW5_4.srcs/sources_1/new/HW5_4.v:32]
WARNING: [VRFC 10-278] actual bit length 32 differs from formal bit length 1 for port I1 [E:/JI Files/VE270_Vivado/HW5_4/HW5_4.srcs/sources_1/new/HW5_4.v:33]
Completed static elaboration
Starting simulation data flow analysis
Completed simulation data flow analysis
Time Resolution for simulation is 1ps
Compiling module xil_defaultlib.D_ff
Compiling module xil_defaultlib.MUX
Compiling module xil_defaultlib.HW5_4
Compiling module xil_defaultlib.TB_4
Compiling module xil_defaultlib.glbl
Built simulation snapshot TB_4_behav
